<?xml version="1.0" encoding="UTF-8"?>
<testsuite xmlns:xsi="http://www.w3.org/2001/XMLSchema-instance" xsi:noNamespaceSchemaLocation="https://maven.apache.org/surefire/maven-surefire-plugin/xsd/surefire-test-report.xsd" name="org.szhang.personal.podscraper.repositories.PodcastAppTest" time="11.631" tests="7" errors="0" skipped="0" failures="0">
  <properties>
[...]
</properties>
  <testcase name="testGetRecsGivenPodcastName" classname="org.szhang.personal.podscraper.repositories.PodcastAppTest" time="1.921"/>
  <testcase name="testGetPodcastById" classname="org.szhang.personal.podscraper.repositories.PodcastAppTest" time="0.257"/>
  <testcase name="testGetMySavedPodcasts" classname="org.szhang.personal.podscraper.repositories.PodcastAppTest" time="0.042"/>
  <testcase name="testGetRecsBasedOnSearch" classname="org.szhang.personal.podscraper.repositories.PodcastAppTest" time="0.357"/>
  <testcase name="testGetPodcastByName" classname="org.szhang.personal.podscraper.repositories.PodcastAppTest" time="0.161"/>
  <testcase name="testGetPodcastsGivenWordsOr" classname="org.szhang.personal.podscraper.repositories.PodcastAppTest" time="0.072"/>
  <testcase name="testGetPodcastsGivenWordsAnd" classname="org.szhang.personal.podscraper.repositories.PodcastAppTest" time="0.072"/>
</testsuite>