<?xml version="1.0" encoding="UTF-8"?>
<testsuite xmlns:xsi="http://www.w3.org/2001/XMLSchema-instance" xsi:noNamespaceSchemaLocation="https://maven.apache.org/surefire/maven-surefire-plugin/xsd/surefire-test-report.xsd" name="org.szhang.personal.podscraper.repositories.PodcastAppTest" time="11.59" tests="7" errors="2" skipped="0" failures="5">
  <properties>
[...]
</properties>
  <testcase name="testGetRecsGivenPodcastName" classname="org.szhang.personal.podscraper.repositories.PodcastAppTest" time="2.656">
    <failure message="expected:&lt;12&gt; but was:&lt;0&gt;" type="java.lang.AssertionError"><![CDATA[java.lang.AssertionError: expected:<12> but was:<0>
	at org.szhang.personal.podscraper.repositories.PodcastAppTest.testGetRecsGivenPodcastName(PodcastAppTest.java:36)
]]></failure>
    <system-out><![CDATA[11:05:20.918 [main] DEBUG org.springframework.test.context.junit4.SpringJUnit4ClassRunner - SpringJUnit4ClassRunner constructor called with [class org.szhang.personal.podscraper.repositories.PodcastAppTest]
11:05:20.925 [main] DEBUG org.springframework.test.context.BootstrapUtils - Instantiating CacheAwareContextLoaderDelegate from class [org.springframework.test.context.cache.DefaultCacheAwareContextLoaderDelegate]
11:05:20.938 [main] DEBUG org.springframework.test.context.BootstrapUtils - Instantiating BootstrapContext using constructor [public org.springframework.test.context.support.DefaultBootstrapContext(java.lang.Class,org.springframework.test.context.CacheAwareContextLoaderDelegate)]
11:05:20.963 [main] DEBUG org.springframework.test.context.BootstrapUtils - Instantiating TestContextBootstrapper for test class [org.szhang.personal.podscraper.repositories.PodcastAppTest] from class [org.springframework.boot.test.context.SpringBootTestContextBootstrapper]
11:05:20.978 [main] INFO org.springframework.boot.test.context.SpringBootTestContextBootstrapper - Neither @ContextConfiguration nor @ContextHierarchy found for test class [org.szhang.personal.podscraper.repositories.PodcastAppTest], using SpringBootContextLoader
11:05:20.981 [main] DEBUG org.springframework.test.context.support.AbstractContextLoader - Did not detect default resource location for test class [org.szhang.personal.podscraper.repositories.PodcastAppTest]: class path resource [org/szhang/personal/podscraper/repositories/PodcastAppTest-context.xml] does not exist
11:05:20.982 [main] DEBUG org.springframework.test.context.support.AbstractContextLoader - Did not detect default resource location for test class [org.szhang.personal.podscraper.repositories.PodcastAppTest]: class path resource [org/szhang/personal/podscraper/repositories/PodcastAppTestContext.groovy] does not exist
11:05:20.982 [main] INFO org.springframework.test.context.support.AbstractContextLoader - Could not detect default resource locations for test class [org.szhang.personal.podscraper.repositories.PodcastAppTest]: no resource found for suffixes {-context.xml, Context.groovy}.
11:05:20.984 [main] INFO org.springframework.test.context.support.AnnotationConfigContextLoaderUtils - Could not detect default configuration classes for test class [org.szhang.personal.podscraper.repositories.PodcastAppTest]: PodcastAppTest does not declare any static, non-private, non-final, nested classes annotated with @Configuration.
11:05:21.035 [main] DEBUG org.springframework.test.context.support.ActiveProfilesUtils - Could not find an 'annotation declaring class' for annotation type [org.springframework.test.context.ActiveProfiles] and class [org.szhang.personal.podscraper.repositories.PodcastAppTest]
11:05:21.138 [main] DEBUG org.springframework.context.annotation.ClassPathScanningCandidateComponentProvider - Identified candidate component class: file [C:\podscraper\target\classes\org\szhang\personal\podscraper\Application.class]
11:05:21.146 [main] INFO org.springframework.boot.test.context.SpringBootTestContextBootstrapper - Found @SpringBootConfiguration org.szhang.personal.podscraper.Application for test class org.szhang.personal.podscraper.repositories.PodcastAppTest
11:05:21.250 [main] DEBUG org.springframework.boot.test.context.SpringBootTestContextBootstrapper - @TestExecutionListeners is not present for class [org.szhang.personal.podscraper.repositories.PodcastAppTest]: using defaults.
11:05:21.250 [main] INFO org.springframework.boot.test.context.SpringBootTestContextBootstrapper - Loaded default TestExecutionListener class names from location [META-INF/spring.factories]: [org.springframework.boot.test.mock.mockito.MockitoTestExecutionListener, org.springframework.boot.test.mock.mockito.ResetMocksTestExecutionListener, org.springframework.boot.test.autoconfigure.restdocs.RestDocsTestExecutionListener, org.springframework.boot.test.autoconfigure.web.client.MockRestServiceServerResetTestExecutionListener, org.springframework.boot.test.autoconfigure.web.servlet.MockMvcPrintOnlyOnFailureTestExecutionListener, org.springframework.boot.test.autoconfigure.web.servlet.WebDriverTestExecutionListener, org.springframework.test.context.web.ServletTestExecutionListener, org.springframework.test.context.support.DirtiesContextBeforeModesTestExecutionListener, org.springframework.test.context.support.DependencyInjectionTestExecutionListener, org.springframework.test.context.support.DirtiesContextTestExecutionListener, org.springframework.test.context.transaction.TransactionalTestExecutionListener, org.springframework.test.context.jdbc.SqlScriptsTestExecutionListener]
11:05:21.267 [main] INFO org.springframework.boot.test.context.SpringBootTestContextBootstrapper - Using TestExecutionListeners: [org.springframework.test.context.web.ServletTestExecutionListener@7671cb68, org.springframework.test.context.support.DirtiesContextBeforeModesTestExecutionListener@49dc7102, org.springframework.boot.test.mock.mockito.MockitoTestExecutionListener@6b8ca3c8, org.springframework.boot.test.autoconfigure.SpringBootDependencyInjectionTestExecutionListener@68c72235, org.springframework.test.context.support.DirtiesContextTestExecutionListener@10959ece, org.springframework.test.context.transaction.TransactionalTestExecutionListener@3a6bb9bf, org.springframework.test.context.jdbc.SqlScriptsTestExecutionListener@34f7cfd9, org.springframework.boot.test.mock.mockito.ResetMocksTestExecutionListener@65f095f8, org.springframework.boot.test.autoconfigure.restdocs.RestDocsTestExecutionListener@59af0466, org.springframework.boot.test.autoconfigure.web.client.MockRestServiceServerResetTestExecutionListener@3e6ef8ad, org.springframework.boot.test.autoconfigure.web.servlet.MockMvcPrintOnlyOnFailureTestExecutionListener@346d61be, org.springframework.boot.test.autoconfigure.web.servlet.WebDriverTestExecutionListener@55536d9e]
11:05:21.268 [main] DEBUG org.springframework.test.annotation.ProfileValueUtils - Retrieved @ProfileValueSourceConfiguration [null] for test class [org.szhang.personal.podscraper.repositories.PodcastAppTest]
11:05:21.269 [main] DEBUG org.springframework.test.annotation.ProfileValueUtils - Retrieved ProfileValueSource type [class org.springframework.test.annotation.SystemProfileValueSource] for class [org.szhang.personal.podscraper.repositories.PodcastAppTest]
11:05:21.271 [main] DEBUG org.springframework.test.annotation.ProfileValueUtils - Retrieved @ProfileValueSourceConfiguration [null] for test class [org.szhang.personal.podscraper.repositories.PodcastAppTest]
11:05:21.271 [main] DEBUG org.springframework.test.annotation.ProfileValueUtils - Retrieved ProfileValueSource type [class org.springframework.test.annotation.SystemProfileValueSource] for class [org.szhang.personal.podscraper.repositories.PodcastAppTest]
11:05:21.272 [main] DEBUG org.springframework.test.annotation.ProfileValueUtils - Retrieved @ProfileValueSourceConfiguration [null] for test class [org.szhang.personal.podscraper.repositories.PodcastAppTest]
11:05:21.273 [main] DEBUG org.springframework.test.annotation.ProfileValueUtils - Retrieved ProfileValueSource type [class org.springframework.test.annotation.SystemProfileValueSource] for class [org.szhang.personal.podscraper.repositories.PodcastAppTest]
11:05:21.279 [main] DEBUG org.springframework.test.context.support.AbstractDirtiesContextTestExecutionListener - Before test class: context [DefaultTestContext@1e6454ec testClass = PodcastAppTest, testInstance = [null], testMethod = [null], testException = [null], mergedContextConfiguration = [WebMergedContextConfiguration@2accdbb5 testClass = PodcastAppTest, locations = '{}', classes = '{class org.szhang.personal.podscraper.Application}', contextInitializerClasses = '[]', activeProfiles = '{}', propertySourceLocations = '{}', propertySourceProperties = '{org.springframework.boot.test.context.SpringBootTestContextBootstrapper=true, server.port=0}', contextCustomizers = set[org.springframework.boot.test.context.filter.ExcludeFilterContextCustomizer@2890c451, org.springframework.boot.test.json.DuplicateJsonObjectContextCustomizerFactory$DuplicateJsonObjectContextCustomizer@3ec300f1, org.springframework.boot.test.mock.mockito.MockitoContextCustomizer@0, org.springframework.boot.test.web.client.TestRestTemplateContextCustomizer@17c1bced, org.springframework.boot.test.autoconfigure.properties.PropertyMappingContextCustomizer@0, org.springframework.boot.test.autoconfigure.web.servlet.WebDriverContextCustomizerFactory$Customizer@f2f2cc1], resourceBasePath = 'src/main/webapp', contextLoader = 'org.springframework.boot.test.context.SpringBootContextLoader', parent = [null]], attributes = map['org.springframework.test.context.web.ServletTestExecutionListener.activateListener' -> false]], class annotated with @DirtiesContext [false] with mode [null].
11:05:21.279 [main] DEBUG org.springframework.test.annotation.ProfileValueUtils - Retrieved @ProfileValueSourceConfiguration [null] for test class [org.szhang.personal.podscraper.repositories.PodcastAppTest]
11:05:21.280 [main] DEBUG org.springframework.test.annotation.ProfileValueUtils - Retrieved ProfileValueSource type [class org.springframework.test.annotation.SystemProfileValueSource] for class [org.szhang.personal.podscraper.repositories.PodcastAppTest]
11:05:21.287 [main] DEBUG org.springframework.test.context.support.DependencyInjectionTestExecutionListener - Performing dependency injection for test context [[DefaultTestContext@1e6454ec testClass = PodcastAppTest, testInstance = org.szhang.personal.podscraper.repositories.PodcastAppTest@6a84a97d, testMethod = [null], testException = [null], mergedContextConfiguration = [WebMergedContextConfiguration@2accdbb5 testClass = PodcastAppTest, locations = '{}', classes = '{class org.szhang.personal.podscraper.Application}', contextInitializerClasses = '[]', activeProfiles = '{}', propertySourceLocations = '{}', propertySourceProperties = '{org.springframework.boot.test.context.SpringBootTestContextBootstrapper=true, server.port=0}', contextCustomizers = set[org.springframework.boot.test.context.filter.ExcludeFilterContextCustomizer@2890c451, org.springframework.boot.test.json.DuplicateJsonObjectContextCustomizerFactory$DuplicateJsonObjectContextCustomizer@3ec300f1, org.springframework.boot.test.mock.mockito.MockitoContextCustomizer@0, org.springframework.boot.test.web.client.TestRestTemplateContextCustomizer@17c1bced, org.springframework.boot.test.autoconfigure.properties.PropertyMappingContextCustomizer@0, org.springframework.boot.test.autoconfigure.web.servlet.WebDriverContextCustomizerFactory$Customizer@f2f2cc1], resourceBasePath = 'src/main/webapp', contextLoader = 'org.springframework.boot.test.context.SpringBootContextLoader', parent = [null]], attributes = map['org.springframework.test.context.web.ServletTestExecutionListener.activateListener' -> false]]].
11:05:21.319 [main] DEBUG org.springframework.test.context.support.TestPropertySourceUtils - Adding inlined properties to environment: {spring.jmx.enabled=false, org.springframework.boot.test.context.SpringBootTestContextBootstrapper=true, server.port=0}

  .   ____          _            __ _ _
 /\\ / ___'_ __ _ _(_)_ __  __ _ \ \ \ \
( ( )\___ | '_ | '_| | '_ \/ _` | \ \ \ \
 \\/  ___)| |_)| | | | | || (_| |  ) ) ) )
  '  |____| .__|_| |_|_| |_\__, | / / / /
 =========|_|==============|___/=/_/_/_/
 :: Spring Boot ::        (v2.1.0.RELEASE)

2019-03-06 11:05:21.672  INFO 40828 --- [           main] o.s.p.p.repositories.PodcastAppTest      : Starting PodcastAppTest on DESKTOP-NI2RSDT with PID 40828 (started by Sarah Zhang in C:\podscraper)
2019-03-06 11:05:21.673  INFO 40828 --- [           main] o.s.p.p.repositories.PodcastAppTest      : The following profiles are active: prod
2019-03-06 11:05:22.439  INFO 40828 --- [           main] .s.d.r.c.RepositoryConfigurationDelegate : Bootstrapping Spring Data repositories in DEFAULT mode.
2019-03-06 11:05:22.507  INFO 40828 --- [           main] .s.d.r.c.RepositoryConfigurationDelegate : Finished Spring Data repository scanning in 60ms. Found 2 repository interfaces.
2019-03-06 11:05:23.100  INFO 40828 --- [           main] trationDelegate$BeanPostProcessorChecker : Bean 'org.springframework.hateoas.config.HateoasConfiguration' of type [org.springframework.hateoas.config.HateoasConfiguration$$EnhancerBySpringCGLIB$$6ccd2d27] is not eligible for getting processed by all BeanPostProcessors (for example: not eligible for auto-proxying)
2019-03-06 11:05:23.117  INFO 40828 --- [           main] trationDelegate$BeanPostProcessorChecker : Bean 'org.springframework.transaction.annotation.ProxyTransactionManagementConfiguration' of type [org.springframework.transaction.annotation.ProxyTransactionManagementConfiguration$$EnhancerBySpringCGLIB$$ed4cdff5] is not eligible for getting processed by all BeanPostProcessors (for example: not eligible for auto-proxying)
2019-03-06 11:05:23.860  INFO 40828 --- [           main] o.s.b.w.embedded.tomcat.TomcatWebServer  : Tomcat initialized with port(s): 0 (http)
2019-03-06 11:05:23.885  INFO 40828 --- [           main] o.apache.catalina.core.StandardService   : Starting service [Tomcat]
2019-03-06 11:05:23.886  INFO 40828 --- [           main] org.apache.catalina.core.StandardEngine  : Starting Servlet Engine: Apache Tomcat/9.0.12
2019-03-06 11:05:23.900  INFO 40828 --- [           main] o.a.catalina.core.AprLifecycleListener   : The APR based Apache Tomcat Native library which allows optimal performance in production environments was not found on the java.library.path: [C:\Program Files\Java\jdk1.8.0_181\jre\bin;C:\WINDOWS\Sun\Java\bin;C:\WINDOWS\system32;C:\WINDOWS;C:\Users\Sarah Zhang\bin;C:\Program Files\Git\mingw64\bin;C:\Program Files\Git\usr\local\bin;C:\Program Files\Git\usr\bin;C:\Program Files\Git\usr\bin;C:\Program Files\Git\mingw64\bin;C:\Program Files\Git\usr\bin;C:\Users\Sarah Zhang\bin;C:\Program Files (x86)\Common Files\Intel\Shared Libraries\redist\intel64\compiler;C:\Program Files (x86)\Common Files\Oracle\Java\javapath;C:\Program Files (x86)\Intel\Intel(R) Management Engine Components\iCLS;C:\Program Files\Intel\Intel(R) Management Engine Components\iCLS;C:\Windows\system32;C:\Windows;C:\Windows\System32\Wbem;C:\Windows\System32\WindowsPowerShell\v1.0;C:\Windows\System32\OpenSSH;C:\Program Files (x86)\Intel\Intel(R) Management Engine Components\DAL;C:\Program Files\Intel\Intel(R) Management Engine Components\DAL;C:\Program Files (x86)\Intel\Intel(R) Management Engine Components\IPT;C:\Program Files\Intel\Intel(R) Management Engine Components\IPT;C:\Program Files (x86)\NVIDIA Corporation\PhysX\Common;C:\Program Files (x86)\PharosSystems\Core;C:\Program Files\nodejs;C:\WINDOWS\system32;C:\WINDOWS;C:\WINDOWS\System32\Wbem;C:\WINDOWS\System32\WindowsPowerShell\v1.0;C:\WINDOWS\System32\OpenSSH;C:\Users\Sarah Zhang\AppData\Local\Microsoft\WindowsApps;C:\Program Files\maven\apache-maven-3.6.0\bin;C:\Users\Sarah Zhang\AppData\Local\Programs\Microsoft VS Code\bin;C:\Users\Sarah Zhang\AppData\Roaming\npm;C:\Program Files\heroku\bin;C:\Users\Sarah Zhang\AppData\Local\Programs\Python\Python37;C:\Users\Sarah Zhang\AppData\Local\Programs\Python\Python37\Scripts;C:\Users\Sarah Zhang\AppData\Roaming\Python\Python37\Scripts;C:\Program Files\PostgreSQL\11\bin;C:\Program Files\Git\usr\bin\vendor_perl;C:\Program Files\Git\usr\bin\core_perl;.]
2019-03-06 11:05:24.059  INFO 40828 --- [           main] o.a.c.c.C.[Tomcat].[localhost].[/]       : Initializing Spring embedded WebApplicationContext
2019-03-06 11:05:24.059  INFO 40828 --- [           main] o.s.web.context.ContextLoader            : Root WebApplicationContext: initialization completed in 2342 ms
2019-03-06 11:05:24.139  INFO 40828 --- [           main] o.s.b.w.servlet.ServletRegistrationBean  : Servlet dispatcherServlet mapped to [/]
2019-03-06 11:05:24.143  INFO 40828 --- [           main] o.s.b.w.servlet.FilterRegistrationBean   : Mapping filter: 'characterEncodingFilter' to: [/*]
2019-03-06 11:05:24.143  INFO 40828 --- [           main] o.s.b.w.servlet.FilterRegistrationBean   : Mapping filter: 'hiddenHttpMethodFilter' to: [/*]
2019-03-06 11:05:24.143  INFO 40828 --- [           main] o.s.b.w.servlet.FilterRegistrationBean   : Mapping filter: 'formContentFilter' to: [/*]
2019-03-06 11:05:24.143  INFO 40828 --- [           main] o.s.b.w.servlet.FilterRegistrationBean   : Mapping filter: 'requestContextFilter' to: [/*]
2019-03-06 11:05:24.624 DEBUG 40828 --- [           main] org.neo4j.ogm.metadata.DomainInfo        : Processing: org.szhang.personal.podscraper.domain.Category -> org.szhang.personal.podscraper.domain.Entity
2019-03-06 11:05:24.628 DEBUG 40828 --- [           main] org.neo4j.ogm.metadata.DomainInfo        : Processing: org.szhang.personal.podscraper.domain.Entity -> java.lang.Object
2019-03-06 11:05:24.629 DEBUG 40828 --- [           main] org.neo4j.ogm.metadata.DomainInfo        : Processing: org.szhang.personal.podscraper.domain.Host -> org.szhang.personal.podscraper.domain.Entity
2019-03-06 11:05:24.630 DEBUG 40828 --- [           main] org.neo4j.ogm.metadata.DomainInfo        : Processing: org.szhang.personal.podscraper.domain.Keyword -> org.szhang.personal.podscraper.domain.Entity
2019-03-06 11:05:24.631 DEBUG 40828 --- [           main] org.neo4j.ogm.metadata.DomainInfo        : Processing: org.szhang.personal.podscraper.domain.Podcast -> org.szhang.personal.podscraper.domain.Entity
2019-03-06 11:05:24.633 DEBUG 40828 --- [           main] org.neo4j.ogm.metadata.DomainInfo        : Processing: org.szhang.personal.podscraper.domain.User -> org.szhang.personal.podscraper.domain.Entity
2019-03-06 11:05:24.633  INFO 40828 --- [           main] org.neo4j.ogm.metadata.DomainInfo        : Starting Post-processing phase
2019-03-06 11:05:24.633  INFO 40828 --- [           main] org.neo4j.ogm.metadata.DomainInfo        : Building annotation class map
2019-03-06 11:05:24.633  INFO 40828 --- [           main] org.neo4j.ogm.metadata.DomainInfo        : Building interface class map for 6 classes
2019-03-06 11:05:24.633 DEBUG 40828 --- [           main] org.neo4j.ogm.metadata.DomainInfo        :  - Category implements 0 interfaces
2019-03-06 11:05:24.633 DEBUG 40828 --- [           main] org.neo4j.ogm.metadata.DomainInfo        :  - Podcast implements 0 interfaces
2019-03-06 11:05:24.634 DEBUG 40828 --- [           main] org.neo4j.ogm.metadata.DomainInfo        :  - Keyword implements 0 interfaces
2019-03-06 11:05:24.634 DEBUG 40828 --- [           main] org.neo4j.ogm.metadata.DomainInfo        :  - Host implements 0 interfaces
2019-03-06 11:05:24.634 DEBUG 40828 --- [           main] org.neo4j.ogm.metadata.DomainInfo        :  - Entity implements 1 interfaces
2019-03-06 11:05:24.634 DEBUG 40828 --- [           main] org.neo4j.ogm.metadata.DomainInfo        :    - java.io.Serializable
2019-03-06 11:05:24.634 DEBUG 40828 --- [           main] org.neo4j.ogm.metadata.DomainInfo        :  - User implements 0 interfaces
2019-03-06 11:05:24.634 DEBUG 40828 --- [           main] org.neo4j.ogm.metadata.DomainInfo        : Post-processing: org.szhang.personal.podscraper.domain.Category
2019-03-06 11:05:24.634 DEBUG 40828 --- [           main] org.neo4j.ogm.metadata.DomainInfo        : Post-processing: org.szhang.personal.podscraper.domain.Podcast
2019-03-06 11:05:24.634 DEBUG 40828 --- [           main] org.neo4j.ogm.metadata.DomainInfo        : Post-processing: org.szhang.personal.podscraper.domain.Keyword
2019-03-06 11:05:24.634 DEBUG 40828 --- [           main] org.neo4j.ogm.metadata.DomainInfo        : Post-processing: org.szhang.personal.podscraper.domain.Host
2019-03-06 11:05:24.634 DEBUG 40828 --- [           main] org.neo4j.ogm.metadata.DomainInfo        : Post-processing: org.szhang.personal.podscraper.domain.Entity
2019-03-06 11:05:24.634 DEBUG 40828 --- [           main] org.neo4j.ogm.metadata.DomainInfo        :  - No ClassInfo found for interface class: java.io.Serializable
2019-03-06 11:05:24.634 DEBUG 40828 --- [           main] org.neo4j.ogm.metadata.DomainInfo        : Post-processing: org.szhang.personal.podscraper.domain.User
2019-03-06 11:05:24.634 DEBUG 40828 --- [           main] org.neo4j.ogm.metadata.DomainInfo        :  - No ClassInfo found for interface class: java.io.Serializable
2019-03-06 11:05:24.634 DEBUG 40828 --- [           main] org.neo4j.ogm.metadata.DomainInfo        : Checking for @Transient classes....
2019-03-06 11:05:24.634 DEBUG 40828 --- [           main] org.neo4j.ogm.metadata.DomainInfo        : Registering converters and deregistering transient fields and methods....
2019-03-06 11:05:24.646  INFO 40828 --- [           main] org.neo4j.ogm.metadata.DomainInfo        : Post-processing complete
2019-03-06 11:05:24.684 DEBUG 40828 --- [           main] o.s.d.neo4j.mapping.Neo4jMappingContext  : Creating Neo4jPersistentEntity from type information: org.szhang.personal.podscraper.domain.Category
2019-03-06 11:05:24.709 DEBUG 40828 --- [           main] o.s.d.neo4j.mapping.Neo4jMappingContext  : Creating Neo4jPersistentEntity from type information: org.szhang.personal.podscraper.domain.Podcast
2019-03-06 11:05:24.714 DEBUG 40828 --- [           main] o.s.d.neo4j.mapping.Neo4jMappingContext  : Creating Neo4jPersistentEntity from type information: org.szhang.personal.podscraper.domain.Keyword
2019-03-06 11:05:24.720 DEBUG 40828 --- [           main] o.s.d.neo4j.mapping.Neo4jMappingContext  : Creating Neo4jPersistentEntity from type information: org.szhang.personal.podscraper.domain.Host
2019-03-06 11:05:24.723 DEBUG 40828 --- [           main] o.s.d.neo4j.mapping.Neo4jMappingContext  : Creating Neo4jPersistentEntity from type information: org.szhang.personal.podscraper.domain.User
2019-03-06 11:05:24.730 DEBUG 40828 --- [           main] o.s.d.neo4j.mapping.Neo4jMappingContext  : Creating Neo4jPersistentEntity from type information: org.szhang.personal.podscraper.domain.Entity
2019-03-06 11:05:24.732  INFO 40828 --- [           main] o.s.d.neo4j.mapping.Neo4jMappingContext  : Neo4jMappingContext initialisation completed
2019-03-06 11:05:25.316 DEBUG 40828 --- [           main] o.s.d.n.t.Neo4jTransactionManager        : No BookmarkManager bean found, bookmark management not enabled
2019-03-06 11:05:25.763  INFO 40828 --- [           main] o.s.s.concurrent.ThreadPoolTaskExecutor  : Initializing ExecutorService 'applicationTaskExecutor'
2019-03-06 11:05:26.038  INFO 40828 --- [           main] o.s.b.a.w.s.WelcomePageHandlerMapping    : Adding welcome page: class path resource [public/index.html]
2019-03-06 11:05:26.772  INFO 40828 --- [           main] o.s.b.w.embedded.tomcat.TomcatWebServer  : Tomcat started on port(s): 55372 (http) with context path ''
2019-03-06 11:05:26.775  INFO 40828 --- [           main] o.s.p.p.repositories.PodcastAppTest      : Started PodcastAppTest in 5.453 seconds (JVM running for 6.526)
2019-03-06 11:05:26.796 DEBUG 40828 --- [           main] o.s.d.n.t.Neo4jTransactionManager        : Creating new transaction with name [org.szhang.personal.podscraper.repositories.PodcastAppTest.testGetRecsGivenPodcastName]: PROPAGATION_REQUIRED,ISOLATION_DEFAULT
2019-03-06 11:05:26.812 DEBUG 40828 --- [           main] o.s.d.n.t.Neo4jTransactionManager        : Opened new Session [org.neo4j.ogm.session.Neo4jSession@5af5d76f] for Neo4j OGM transaction
2019-03-06 11:05:27.032  INFO 40828 --- [           main] Driver                                   : Direct driver instance 1629378585 created for server address ec2-18-232-153-66.compute-1.amazonaws.com:7687
2019-03-06 11:05:28.768 DEBUG 40828 --- [           main] o.n.ogm.drivers.bolt.driver.BoltDriver   : No current transaction, starting a new one
2019-03-06 11:05:28.776 DEBUG 40828 --- [           main] o.n.ogm.drivers.bolt.driver.BoltDriver   : Native transaction: org.neo4j.driver.internal.ExplicitTransaction@10177794
2019-03-06 11:05:28.776 DEBUG 40828 --- [           main] o.s.d.n.t.Neo4jTransactionManager        : Beginning Transaction [org.neo4j.ogm.drivers.bolt.transaction.BoltTransaction@e5c2463] on Session [org.neo4j.ogm.session.Neo4jSession@5af5d76f]
2019-03-06 11:05:28.777  INFO 40828 --- [           main] o.s.t.c.transaction.TransactionContext   : Began transaction (1) for test context [DefaultTestContext@1e6454ec testClass = PodcastAppTest, testInstance = org.szhang.personal.podscraper.repositories.PodcastAppTest@6a84a97d, testMethod = testGetRecsGivenPodcastName@PodcastAppTest, testException = [null], mergedContextConfiguration = [WebMergedContextConfiguration@2accdbb5 testClass = PodcastAppTest, locations = '{}', classes = '{class org.szhang.personal.podscraper.Application}', contextInitializerClasses = '[]', activeProfiles = '{}', propertySourceLocations = '{}', propertySourceProperties = '{org.springframework.boot.test.context.SpringBootTestContextBootstrapper=true, server.port=0}', contextCustomizers = set[org.springframework.boot.test.context.filter.ExcludeFilterContextCustomizer@2890c451, org.springframework.boot.test.json.DuplicateJsonObjectContextCustomizerFactory$DuplicateJsonObjectContextCustomizer@3ec300f1, org.springframework.boot.test.mock.mockito.MockitoContextCustomizer@0, org.springframework.boot.test.web.client.TestRestTemplateContextCustomizer@17c1bced, org.springframework.boot.test.autoconfigure.properties.PropertyMappingContextCustomizer@0, org.springframework.boot.test.autoconfigure.web.servlet.WebDriverContextCustomizerFactory$Customizer@f2f2cc1], resourceBasePath = 'src/main/webapp', contextLoader = 'org.springframework.boot.test.context.SpringBootContextLoader', parent = [null]], attributes = map['org.springframework.test.context.web.ServletTestExecutionListener.activateListener' -> false]]; transaction manager [org.springframework.data.neo4j.transaction.Neo4jTransactionManager@4f7be6c8]; rollback [true]
2019-03-06 11:05:28.927 DEBUG 40828 --- [           main] o.s.d.n.r.query.GraphRepositoryQuery     : Executing query for method getRecsGivenPodcastName
2019-03-06 11:05:28.977 DEBUG 40828 --- [           main] o.n.o.drivers.bolt.request.BoltRequest   : Request: MATCH pod=(p:Podcast {name: {name}})-[:TAGGED_AS]->(k:Keyword)<-[:TAGGED_AS]-(p2) RETURN ID(p), ID(p2), pod with params {0=The Dropout, name=The Dropout}
2019-03-06 11:05:29.137 DEBUG 40828 --- [           main] o.s.d.n.t.Neo4jTransactionManager        : Initiating transaction rollback
2019-03-06 11:05:29.137 DEBUG 40828 --- [           main] o.s.d.n.t.Neo4jTransactionManager        : Rolling back Neo4j transaction [org.neo4j.ogm.drivers.bolt.transaction.BoltTransaction@e5c2463] on Session [org.neo4j.ogm.session.Neo4jSession@5af5d76f]
2019-03-06 11:05:29.137 DEBUG 40828 --- [           main] o.n.o.d.b.transaction.BoltTransaction    : Rolling back native transaction: org.neo4j.driver.internal.ExplicitTransaction@10177794
2019-03-06 11:05:29.416 DEBUG 40828 --- [           main] org.neo4j.ogm.transaction.Transaction    : Thread 1: Rollback transaction extent: 0
2019-03-06 11:05:29.417 DEBUG 40828 --- [           main] org.neo4j.ogm.transaction.Transaction    : Thread 1: Rolled back
2019-03-06 11:05:29.417 DEBUG 40828 --- [           main] org.neo4j.ogm.transaction.Transaction    : Thread 1: Close transaction extent: 0
2019-03-06 11:05:29.417 DEBUG 40828 --- [           main] org.neo4j.ogm.transaction.Transaction    : Thread 1: Closing transaction
2019-03-06 11:05:29.418 DEBUG 40828 --- [           main] o.s.d.n.t.Neo4jTransactionManager        : Closing Neo4j Session [org.neo4j.ogm.session.Neo4jSession@5af5d76f] after transaction
2019-03-06 11:05:29.419  INFO 40828 --- [           main] o.s.t.c.transaction.TransactionContext   : Rolled back transaction for test: [DefaultTestContext@1e6454ec testClass = PodcastAppTest, testInstance = org.szhang.personal.podscraper.repositories.PodcastAppTest@6a84a97d, testMethod = testGetRecsGivenPodcastName@PodcastAppTest, testException = java.lang.AssertionError: expected:<12> but was:<0>, mergedContextConfiguration = [WebMergedContextConfiguration@2accdbb5 testClass = PodcastAppTest, locations = '{}', classes = '{class org.szhang.personal.podscraper.Application}', contextInitializerClasses = '[]', activeProfiles = '{}', propertySourceLocations = '{}', propertySourceProperties = '{org.springframework.boot.test.context.SpringBootTestContextBootstrapper=true, server.port=0}', contextCustomizers = set[org.springframework.boot.test.context.filter.ExcludeFilterContextCustomizer@2890c451, org.springframework.boot.test.json.DuplicateJsonObjectContextCustomizerFactory$DuplicateJsonObjectContextCustomizer@3ec300f1, org.springframework.boot.test.mock.mockito.MockitoContextCustomizer@0, org.springframework.boot.test.web.client.TestRestTemplateContextCustomizer@17c1bced, org.springframework.boot.test.autoconfigure.properties.PropertyMappingContextCustomizer@0, org.springframework.boot.test.autoconfigure.web.servlet.WebDriverContextCustomizerFactory$Customizer@f2f2cc1], resourceBasePath = 'src/main/webapp', contextLoader = 'org.springframework.boot.test.context.SpringBootContextLoader', parent = [null]], attributes = map['org.springframework.test.context.web.ServletTestExecutionListener.activateListener' -> false]]
]]></system-out>
  </testcase>
  <testcase name="testGetPodcastById" classname="org.szhang.personal.podscraper.repositories.PodcastAppTest" time="0.459">
    <error type="java.lang.NullPointerException">java.lang.NullPointerException
	at org.szhang.personal.podscraper.repositories.PodcastAppTest.testGetPodcastById(PodcastAppTest.java:80)
</error>
    <system-out><![CDATA[2019-03-06 11:05:29.434 DEBUG 40828 --- [           main] o.s.d.n.t.Neo4jTransactionManager        : Creating new transaction with name [org.szhang.personal.podscraper.repositories.PodcastAppTest.testGetPodcastById]: PROPAGATION_REQUIRED,ISOLATION_DEFAULT
2019-03-06 11:05:29.434 DEBUG 40828 --- [           main] o.s.d.n.t.Neo4jTransactionManager        : Opened new Session [org.neo4j.ogm.session.Neo4jSession@22cb3d59] for Neo4j OGM transaction
2019-03-06 11:05:29.435 DEBUG 40828 --- [           main] o.n.ogm.drivers.bolt.driver.BoltDriver   : No current transaction, starting a new one
2019-03-06 11:05:29.437 DEBUG 40828 --- [           main] o.n.ogm.drivers.bolt.driver.BoltDriver   : Native transaction: org.neo4j.driver.internal.ExplicitTransaction@5cff729b
2019-03-06 11:05:29.437 DEBUG 40828 --- [           main] o.s.d.n.t.Neo4jTransactionManager        : Beginning Transaction [org.neo4j.ogm.drivers.bolt.transaction.BoltTransaction@10d18696] on Session [org.neo4j.ogm.session.Neo4jSession@22cb3d59]
2019-03-06 11:05:29.438  INFO 40828 --- [           main] o.s.t.c.transaction.TransactionContext   : Began transaction (1) for test context [DefaultTestContext@1e6454ec testClass = PodcastAppTest, testInstance = org.szhang.personal.podscraper.repositories.PodcastAppTest@6b8b5020, testMethod = testGetPodcastById@PodcastAppTest, testException = [null], mergedContextConfiguration = [WebMergedContextConfiguration@2accdbb5 testClass = PodcastAppTest, locations = '{}', classes = '{class org.szhang.personal.podscraper.Application}', contextInitializerClasses = '[]', activeProfiles = '{}', propertySourceLocations = '{}', propertySourceProperties = '{org.springframework.boot.test.context.SpringBootTestContextBootstrapper=true, server.port=0}', contextCustomizers = set[org.springframework.boot.test.context.filter.ExcludeFilterContextCustomizer@2890c451, org.springframework.boot.test.json.DuplicateJsonObjectContextCustomizerFactory$DuplicateJsonObjectContextCustomizer@3ec300f1, org.springframework.boot.test.mock.mockito.MockitoContextCustomizer@0, org.springframework.boot.test.web.client.TestRestTemplateContextCustomizer@17c1bced, org.springframework.boot.test.autoconfigure.properties.PropertyMappingContextCustomizer@0, org.springframework.boot.test.autoconfigure.web.servlet.WebDriverContextCustomizerFactory$Customizer@f2f2cc1], resourceBasePath = 'src/main/webapp', contextLoader = 'org.springframework.boot.test.context.SpringBootContextLoader', parent = [null]], attributes = map['org.springframework.test.context.web.ServletTestExecutionListener.activateListener' -> false]]; transaction manager [org.springframework.data.neo4j.transaction.Neo4jTransactionManager@4f7be6c8]; rollback [true]
2019-03-06 11:05:29.442 DEBUG 40828 --- [           main] o.s.d.n.r.query.GraphRepositoryQuery     : Executing query for method getPodcastByID
2019-03-06 11:05:29.461 DEBUG 40828 --- [           main] o.n.o.drivers.bolt.request.BoltRequest   : Request: MATCH pod=(p:Podcast)-[*]->() WHERE ID(p) = {id} RETURN pod, nodes(pod), rels(pod) with params {0=18932, id=18932}
2019-03-06 11:05:29.601 DEBUG 40828 --- [           main] o.s.d.n.t.Neo4jTransactionManager        : Initiating transaction rollback
2019-03-06 11:05:29.602 DEBUG 40828 --- [           main] o.s.d.n.t.Neo4jTransactionManager        : Rolling back Neo4j transaction [org.neo4j.ogm.drivers.bolt.transaction.BoltTransaction@10d18696] on Session [org.neo4j.ogm.session.Neo4jSession@22cb3d59]
2019-03-06 11:05:29.602 DEBUG 40828 --- [           main] o.n.o.d.b.transaction.BoltTransaction    : Rolling back native transaction: org.neo4j.driver.internal.ExplicitTransaction@5cff729b
2019-03-06 11:05:29.888 DEBUG 40828 --- [           main] org.neo4j.ogm.transaction.Transaction    : Thread 1: Rollback transaction extent: 0
2019-03-06 11:05:29.889 DEBUG 40828 --- [           main] org.neo4j.ogm.transaction.Transaction    : Thread 1: Rolled back
2019-03-06 11:05:29.889 DEBUG 40828 --- [           main] org.neo4j.ogm.transaction.Transaction    : Thread 1: Close transaction extent: 0
2019-03-06 11:05:29.889 DEBUG 40828 --- [           main] org.neo4j.ogm.transaction.Transaction    : Thread 1: Closing transaction
2019-03-06 11:05:29.889 DEBUG 40828 --- [           main] o.s.d.n.t.Neo4jTransactionManager        : Closing Neo4j Session [org.neo4j.ogm.session.Neo4jSession@22cb3d59] after transaction
2019-03-06 11:05:29.890  INFO 40828 --- [           main] o.s.t.c.transaction.TransactionContext   : Rolled back transaction for test: [DefaultTestContext@1e6454ec testClass = PodcastAppTest, testInstance = org.szhang.personal.podscraper.repositories.PodcastAppTest@6b8b5020, testMethod = testGetPodcastById@PodcastAppTest, testException = java.lang.NullPointerException, mergedContextConfiguration = [WebMergedContextConfiguration@2accdbb5 testClass = PodcastAppTest, locations = '{}', classes = '{class org.szhang.personal.podscraper.Application}', contextInitializerClasses = '[]', activeProfiles = '{}', propertySourceLocations = '{}', propertySourceProperties = '{org.springframework.boot.test.context.SpringBootTestContextBootstrapper=true, server.port=0}', contextCustomizers = set[org.springframework.boot.test.context.filter.ExcludeFilterContextCustomizer@2890c451, org.springframework.boot.test.json.DuplicateJsonObjectContextCustomizerFactory$DuplicateJsonObjectContextCustomizer@3ec300f1, org.springframework.boot.test.mock.mockito.MockitoContextCustomizer@0, org.springframework.boot.test.web.client.TestRestTemplateContextCustomizer@17c1bced, org.springframework.boot.test.autoconfigure.properties.PropertyMappingContextCustomizer@0, org.springframework.boot.test.autoconfigure.web.servlet.WebDriverContextCustomizerFactory$Customizer@f2f2cc1], resourceBasePath = 'src/main/webapp', contextLoader = 'org.springframework.boot.test.context.SpringBootContextLoader', parent = [null]], attributes = map['org.springframework.test.context.web.ServletTestExecutionListener.activateListener' -> false]]
]]></system-out>
  </testcase>
  <testcase name="testGetMySavedPodcasts" classname="org.szhang.personal.podscraper.repositories.PodcastAppTest" time="0.467">
    <failure message="expected:&lt;1&gt; but was:&lt;0&gt;" type="java.lang.AssertionError"><![CDATA[java.lang.AssertionError: expected:<1> but was:<0>
	at org.szhang.personal.podscraper.repositories.PodcastAppTest.testGetMySavedPodcasts(PodcastAppTest.java:108)
]]></failure>
    <system-out><![CDATA[2019-03-06 11:05:29.893 DEBUG 40828 --- [           main] o.s.d.n.t.Neo4jTransactionManager        : Creating new transaction with name [org.szhang.personal.podscraper.repositories.PodcastAppTest.testGetMySavedPodcasts]: PROPAGATION_REQUIRED,ISOLATION_DEFAULT
2019-03-06 11:05:29.893 DEBUG 40828 --- [           main] o.s.d.n.t.Neo4jTransactionManager        : Opened new Session [org.neo4j.ogm.session.Neo4jSession@5b48f0f4] for Neo4j OGM transaction
2019-03-06 11:05:29.893 DEBUG 40828 --- [           main] o.n.ogm.drivers.bolt.driver.BoltDriver   : No current transaction, starting a new one
2019-03-06 11:05:29.895 DEBUG 40828 --- [           main] o.n.ogm.drivers.bolt.driver.BoltDriver   : Native transaction: org.neo4j.driver.internal.ExplicitTransaction@5bfc79cb
2019-03-06 11:05:29.895 DEBUG 40828 --- [           main] o.s.d.n.t.Neo4jTransactionManager        : Beginning Transaction [org.neo4j.ogm.drivers.bolt.transaction.BoltTransaction@27ec8754] on Session [org.neo4j.ogm.session.Neo4jSession@5b48f0f4]
2019-03-06 11:05:29.895  INFO 40828 --- [           main] o.s.t.c.transaction.TransactionContext   : Began transaction (1) for test context [DefaultTestContext@1e6454ec testClass = PodcastAppTest, testInstance = org.szhang.personal.podscraper.repositories.PodcastAppTest@3bbf1c0d, testMethod = testGetMySavedPodcasts@PodcastAppTest, testException = [null], mergedContextConfiguration = [WebMergedContextConfiguration@2accdbb5 testClass = PodcastAppTest, locations = '{}', classes = '{class org.szhang.personal.podscraper.Application}', contextInitializerClasses = '[]', activeProfiles = '{}', propertySourceLocations = '{}', propertySourceProperties = '{org.springframework.boot.test.context.SpringBootTestContextBootstrapper=true, server.port=0}', contextCustomizers = set[org.springframework.boot.test.context.filter.ExcludeFilterContextCustomizer@2890c451, org.springframework.boot.test.json.DuplicateJsonObjectContextCustomizerFactory$DuplicateJsonObjectContextCustomizer@3ec300f1, org.springframework.boot.test.mock.mockito.MockitoContextCustomizer@0, org.springframework.boot.test.web.client.TestRestTemplateContextCustomizer@17c1bced, org.springframework.boot.test.autoconfigure.properties.PropertyMappingContextCustomizer@0, org.springframework.boot.test.autoconfigure.web.servlet.WebDriverContextCustomizerFactory$Customizer@f2f2cc1], resourceBasePath = 'src/main/webapp', contextLoader = 'org.springframework.boot.test.context.SpringBootContextLoader', parent = [null]], attributes = map['org.springframework.test.context.web.ServletTestExecutionListener.activateListener' -> false]]; transaction manager [org.springframework.data.neo4j.transaction.Neo4jTransactionManager@4f7be6c8]; rollback [true]
2019-03-06 11:05:29.898 DEBUG 40828 --- [           main] o.s.d.n.r.query.GraphRepositoryQuery     : Executing query for method getMySavedPodcasts
2019-03-06 11:05:29.898 DEBUG 40828 --- [           main] o.n.o.drivers.bolt.request.BoltRequest   : Request: MATCH usr=(u:User)-[:SAVED]->(p:Podcast) WHERE ID(u) = {id} RETURN p with params {0=18645, id=18645}
2019-03-06 11:05:30.060 DEBUG 40828 --- [           main] o.s.d.n.t.Neo4jTransactionManager        : Initiating transaction rollback
2019-03-06 11:05:30.061 DEBUG 40828 --- [           main] o.s.d.n.t.Neo4jTransactionManager        : Rolling back Neo4j transaction [org.neo4j.ogm.drivers.bolt.transaction.BoltTransaction@27ec8754] on Session [org.neo4j.ogm.session.Neo4jSession@5b48f0f4]
2019-03-06 11:05:30.061 DEBUG 40828 --- [           main] o.n.o.d.b.transaction.BoltTransaction    : Rolling back native transaction: org.neo4j.driver.internal.ExplicitTransaction@5bfc79cb
2019-03-06 11:05:30.342 DEBUG 40828 --- [           main] org.neo4j.ogm.transaction.Transaction    : Thread 1: Rollback transaction extent: 0
2019-03-06 11:05:30.343 DEBUG 40828 --- [           main] org.neo4j.ogm.transaction.Transaction    : Thread 1: Rolled back
2019-03-06 11:05:30.343 DEBUG 40828 --- [           main] org.neo4j.ogm.transaction.Transaction    : Thread 1: Close transaction extent: 0
2019-03-06 11:05:30.343 DEBUG 40828 --- [           main] org.neo4j.ogm.transaction.Transaction    : Thread 1: Closing transaction
2019-03-06 11:05:30.343 DEBUG 40828 --- [           main] o.s.d.n.t.Neo4jTransactionManager        : Closing Neo4j Session [org.neo4j.ogm.session.Neo4jSession@5b48f0f4] after transaction
2019-03-06 11:05:30.344  INFO 40828 --- [           main] o.s.t.c.transaction.TransactionContext   : Rolled back transaction for test: [DefaultTestContext@1e6454ec testClass = PodcastAppTest, testInstance = org.szhang.personal.podscraper.repositories.PodcastAppTest@3bbf1c0d, testMethod = testGetMySavedPodcasts@PodcastAppTest, testException = java.lang.AssertionError: expected:<1> but was:<0>, mergedContextConfiguration = [WebMergedContextConfiguration@2accdbb5 testClass = PodcastAppTest, locations = '{}', classes = '{class org.szhang.personal.podscraper.Application}', contextInitializerClasses = '[]', activeProfiles = '{}', propertySourceLocations = '{}', propertySourceProperties = '{org.springframework.boot.test.context.SpringBootTestContextBootstrapper=true, server.port=0}', contextCustomizers = set[org.springframework.boot.test.context.filter.ExcludeFilterContextCustomizer@2890c451, org.springframework.boot.test.json.DuplicateJsonObjectContextCustomizerFactory$DuplicateJsonObjectContextCustomizer@3ec300f1, org.springframework.boot.test.mock.mockito.MockitoContextCustomizer@0, org.springframework.boot.test.web.client.TestRestTemplateContextCustomizer@17c1bced, org.springframework.boot.test.autoconfigure.properties.PropertyMappingContextCustomizer@0, org.springframework.boot.test.autoconfigure.web.servlet.WebDriverContextCustomizerFactory$Customizer@f2f2cc1], resourceBasePath = 'src/main/webapp', contextLoader = 'org.springframework.boot.test.context.SpringBootContextLoader', parent = [null]], attributes = map['org.springframework.test.context.web.ServletTestExecutionListener.activateListener' -> false]]
]]></system-out>
  </testcase>
  <testcase name="testGetRecsBasedOnSearch" classname="org.szhang.personal.podscraper.repositories.PodcastAppTest" time="0.54">
    <failure message="expected:&lt;5&gt; but was:&lt;15&gt;" type="java.lang.AssertionError"><![CDATA[java.lang.AssertionError: expected:<5> but was:<15>
	at org.szhang.personal.podscraper.repositories.PodcastAppTest.testGetRecsBasedOnSearch(PodcastAppTest.java:97)
]]></failure>
    <system-out><![CDATA[2019-03-06 11:05:30.348 DEBUG 40828 --- [           main] o.s.d.n.t.Neo4jTransactionManager        : Creating new transaction with name [org.szhang.personal.podscraper.repositories.PodcastAppTest.testGetRecsBasedOnSearch]: PROPAGATION_REQUIRED,ISOLATION_DEFAULT
2019-03-06 11:05:30.348 DEBUG 40828 --- [           main] o.s.d.n.t.Neo4jTransactionManager        : Opened new Session [org.neo4j.ogm.session.Neo4jSession@93bf0e0] for Neo4j OGM transaction
2019-03-06 11:05:30.349 DEBUG 40828 --- [           main] o.n.ogm.drivers.bolt.driver.BoltDriver   : No current transaction, starting a new one
2019-03-06 11:05:30.353 DEBUG 40828 --- [           main] o.n.ogm.drivers.bolt.driver.BoltDriver   : Native transaction: org.neo4j.driver.internal.ExplicitTransaction@656842bc
2019-03-06 11:05:30.354 DEBUG 40828 --- [           main] o.s.d.n.t.Neo4jTransactionManager        : Beginning Transaction [org.neo4j.ogm.drivers.bolt.transaction.BoltTransaction@6b867ee7] on Session [org.neo4j.ogm.session.Neo4jSession@93bf0e0]
2019-03-06 11:05:30.355  INFO 40828 --- [           main] o.s.t.c.transaction.TransactionContext   : Began transaction (1) for test context [DefaultTestContext@1e6454ec testClass = PodcastAppTest, testInstance = org.szhang.personal.podscraper.repositories.PodcastAppTest@3dec3f87, testMethod = testGetRecsBasedOnSearch@PodcastAppTest, testException = [null], mergedContextConfiguration = [WebMergedContextConfiguration@2accdbb5 testClass = PodcastAppTest, locations = '{}', classes = '{class org.szhang.personal.podscraper.Application}', contextInitializerClasses = '[]', activeProfiles = '{}', propertySourceLocations = '{}', propertySourceProperties = '{org.springframework.boot.test.context.SpringBootTestContextBootstrapper=true, server.port=0}', contextCustomizers = set[org.springframework.boot.test.context.filter.ExcludeFilterContextCustomizer@2890c451, org.springframework.boot.test.json.DuplicateJsonObjectContextCustomizerFactory$DuplicateJsonObjectContextCustomizer@3ec300f1, org.springframework.boot.test.mock.mockito.MockitoContextCustomizer@0, org.springframework.boot.test.web.client.TestRestTemplateContextCustomizer@17c1bced, org.springframework.boot.test.autoconfigure.properties.PropertyMappingContextCustomizer@0, org.springframework.boot.test.autoconfigure.web.servlet.WebDriverContextCustomizerFactory$Customizer@f2f2cc1], resourceBasePath = 'src/main/webapp', contextLoader = 'org.springframework.boot.test.context.SpringBootContextLoader', parent = [null]], attributes = map['org.springframework.test.context.web.ServletTestExecutionListener.activateListener' -> false]]; transaction manager [org.springframework.data.neo4j.transaction.Neo4jTransactionManager@4f7be6c8]; rollback [true]
2019-03-06 11:05:30.361 DEBUG 40828 --- [           main] o.s.d.n.r.query.GraphRepositoryQuery     : Executing query for method getRecsBasedOnSearch
2019-03-06 11:05:30.370 DEBUG 40828 --- [           main] o.n.o.drivers.bolt.request.BoltRequest   : Request: UNWIND {words} AS word MATCH (p:Podcast)-[:TAGGED_AS]->(k:Keyword)<-[:TAGGED_AS]-(p2) WHERE lower(p.name) CONTAINS lower(word) OR lower(k.word) CONTAINS lower(word) OR lower(p.description) CONTAINS lower(word) OPTIONAL MATCH (p)-[:BELONGS_TO]->(c:Category)<-[:BELONGS_TO]-(p2) WHERE lower(c.category) CONTAINS lower(word) OR lower(p.description) CONTAINS lower(word) OR lower(p.name) CONTAINS lower(word) RETURN id(p) as ids, count(p) as freq ORDER BY freq DESC LIMIT 15 with params {0=[how i built, politics], words=[how i built, politics]}
2019-03-06 11:05:30.610 DEBUG 40828 --- [           main] o.s.d.n.t.Neo4jTransactionManager        : Initiating transaction rollback
2019-03-06 11:05:30.610 DEBUG 40828 --- [           main] o.s.d.n.t.Neo4jTransactionManager        : Rolling back Neo4j transaction [org.neo4j.ogm.drivers.bolt.transaction.BoltTransaction@6b867ee7] on Session [org.neo4j.ogm.session.Neo4jSession@93bf0e0]
2019-03-06 11:05:30.610 DEBUG 40828 --- [           main] o.n.o.d.b.transaction.BoltTransaction    : Rolling back native transaction: org.neo4j.driver.internal.ExplicitTransaction@656842bc
2019-03-06 11:05:30.881 DEBUG 40828 --- [           main] org.neo4j.ogm.transaction.Transaction    : Thread 1: Rollback transaction extent: 0
2019-03-06 11:05:30.882 DEBUG 40828 --- [           main] org.neo4j.ogm.transaction.Transaction    : Thread 1: Rolled back
2019-03-06 11:05:30.882 DEBUG 40828 --- [           main] org.neo4j.ogm.transaction.Transaction    : Thread 1: Close transaction extent: 0
2019-03-06 11:05:30.882 DEBUG 40828 --- [           main] org.neo4j.ogm.transaction.Transaction    : Thread 1: Closing transaction
2019-03-06 11:05:30.883 DEBUG 40828 --- [           main] o.s.d.n.t.Neo4jTransactionManager        : Closing Neo4j Session [org.neo4j.ogm.session.Neo4jSession@93bf0e0] after transaction
2019-03-06 11:05:30.883  INFO 40828 --- [           main] o.s.t.c.transaction.TransactionContext   : Rolled back transaction for test: [DefaultTestContext@1e6454ec testClass = PodcastAppTest, testInstance = org.szhang.personal.podscraper.repositories.PodcastAppTest@3dec3f87, testMethod = testGetRecsBasedOnSearch@PodcastAppTest, testException = java.lang.AssertionError: expected:<5> but was:<15>, mergedContextConfiguration = [WebMergedContextConfiguration@2accdbb5 testClass = PodcastAppTest, locations = '{}', classes = '{class org.szhang.personal.podscraper.Application}', contextInitializerClasses = '[]', activeProfiles = '{}', propertySourceLocations = '{}', propertySourceProperties = '{org.springframework.boot.test.context.SpringBootTestContextBootstrapper=true, server.port=0}', contextCustomizers = set[org.springframework.boot.test.context.filter.ExcludeFilterContextCustomizer@2890c451, org.springframework.boot.test.json.DuplicateJsonObjectContextCustomizerFactory$DuplicateJsonObjectContextCustomizer@3ec300f1, org.springframework.boot.test.mock.mockito.MockitoContextCustomizer@0, org.springframework.boot.test.web.client.TestRestTemplateContextCustomizer@17c1bced, org.springframework.boot.test.autoconfigure.properties.PropertyMappingContextCustomizer@0, org.springframework.boot.test.autoconfigure.web.servlet.WebDriverContextCustomizerFactory$Customizer@f2f2cc1], resourceBasePath = 'src/main/webapp', contextLoader = 'org.springframework.boot.test.context.SpringBootContextLoader', parent = [null]], attributes = map['org.springframework.test.context.web.ServletTestExecutionListener.activateListener' -> false]]
]]></system-out>
  </testcase>
  <testcase name="testGetPodcastByName" classname="org.szhang.personal.podscraper.repositories.PodcastAppTest" time="0.427">
    <error type="java.lang.NullPointerException">java.lang.NullPointerException
	at org.szhang.personal.podscraper.repositories.PodcastAppTest.testGetPodcastByName(PodcastAppTest.java:66)
</error>
    <system-out><![CDATA[2019-03-06 11:05:30.888 DEBUG 40828 --- [           main] o.s.d.n.t.Neo4jTransactionManager        : Creating new transaction with name [org.szhang.personal.podscraper.repositories.PodcastAppTest.testGetPodcastByName]: PROPAGATION_REQUIRED,ISOLATION_DEFAULT
2019-03-06 11:05:30.888 DEBUG 40828 --- [           main] o.s.d.n.t.Neo4jTransactionManager        : Opened new Session [org.neo4j.ogm.session.Neo4jSession@272778ae] for Neo4j OGM transaction
2019-03-06 11:05:30.888 DEBUG 40828 --- [           main] o.n.ogm.drivers.bolt.driver.BoltDriver   : No current transaction, starting a new one
2019-03-06 11:05:30.893 DEBUG 40828 --- [           main] o.n.ogm.drivers.bolt.driver.BoltDriver   : Native transaction: org.neo4j.driver.internal.ExplicitTransaction@3c18942
2019-03-06 11:05:30.893 DEBUG 40828 --- [           main] o.s.d.n.t.Neo4jTransactionManager        : Beginning Transaction [org.neo4j.ogm.drivers.bolt.transaction.BoltTransaction@743c3520] on Session [org.neo4j.ogm.session.Neo4jSession@272778ae]
2019-03-06 11:05:30.894  INFO 40828 --- [           main] o.s.t.c.transaction.TransactionContext   : Began transaction (1) for test context [DefaultTestContext@1e6454ec testClass = PodcastAppTest, testInstance = org.szhang.personal.podscraper.repositories.PodcastAppTest@6842c101, testMethod = testGetPodcastByName@PodcastAppTest, testException = [null], mergedContextConfiguration = [WebMergedContextConfiguration@2accdbb5 testClass = PodcastAppTest, locations = '{}', classes = '{class org.szhang.personal.podscraper.Application}', contextInitializerClasses = '[]', activeProfiles = '{}', propertySourceLocations = '{}', propertySourceProperties = '{org.springframework.boot.test.context.SpringBootTestContextBootstrapper=true, server.port=0}', contextCustomizers = set[org.springframework.boot.test.context.filter.ExcludeFilterContextCustomizer@2890c451, org.springframework.boot.test.json.DuplicateJsonObjectContextCustomizerFactory$DuplicateJsonObjectContextCustomizer@3ec300f1, org.springframework.boot.test.mock.mockito.MockitoContextCustomizer@0, org.springframework.boot.test.web.client.TestRestTemplateContextCustomizer@17c1bced, org.springframework.boot.test.autoconfigure.properties.PropertyMappingContextCustomizer@0, org.springframework.boot.test.autoconfigure.web.servlet.WebDriverContextCustomizerFactory$Customizer@f2f2cc1], resourceBasePath = 'src/main/webapp', contextLoader = 'org.springframework.boot.test.context.SpringBootContextLoader', parent = [null]], attributes = map['org.springframework.test.context.web.ServletTestExecutionListener.activateListener' -> false]]; transaction manager [org.springframework.data.neo4j.transaction.Neo4jTransactionManager@4f7be6c8]; rollback [true]
2019-03-06 11:05:30.899 DEBUG 40828 --- [           main] o.s.d.n.r.query.GraphRepositoryQuery     : Executing query for method getPodcastByName
2019-03-06 11:05:30.900 DEBUG 40828 --- [           main] o.n.o.drivers.bolt.request.BoltRequest   : Request: MATCH pod=(p:Podcast {name: {name}})-[*]->() RETURN pod, nodes(pod), rels(pod) with params {0=The Dropout, name=The Dropout}
2019-03-06 11:05:31.042 DEBUG 40828 --- [           main] o.s.d.n.t.Neo4jTransactionManager        : Initiating transaction rollback
2019-03-06 11:05:31.042 DEBUG 40828 --- [           main] o.s.d.n.t.Neo4jTransactionManager        : Rolling back Neo4j transaction [org.neo4j.ogm.drivers.bolt.transaction.BoltTransaction@743c3520] on Session [org.neo4j.ogm.session.Neo4jSession@272778ae]
2019-03-06 11:05:31.042 DEBUG 40828 --- [           main] o.n.o.d.b.transaction.BoltTransaction    : Rolling back native transaction: org.neo4j.driver.internal.ExplicitTransaction@3c18942
2019-03-06 11:05:31.323 DEBUG 40828 --- [           main] org.neo4j.ogm.transaction.Transaction    : Thread 1: Rollback transaction extent: 0
2019-03-06 11:05:31.323 DEBUG 40828 --- [           main] org.neo4j.ogm.transaction.Transaction    : Thread 1: Rolled back
2019-03-06 11:05:31.323 DEBUG 40828 --- [           main] org.neo4j.ogm.transaction.Transaction    : Thread 1: Close transaction extent: 0
2019-03-06 11:05:31.324 DEBUG 40828 --- [           main] org.neo4j.ogm.transaction.Transaction    : Thread 1: Closing transaction
2019-03-06 11:05:31.324 DEBUG 40828 --- [           main] o.s.d.n.t.Neo4jTransactionManager        : Closing Neo4j Session [org.neo4j.ogm.session.Neo4jSession@272778ae] after transaction
2019-03-06 11:05:31.326  INFO 40828 --- [           main] o.s.t.c.transaction.TransactionContext   : Rolled back transaction for test: [DefaultTestContext@1e6454ec testClass = PodcastAppTest, testInstance = org.szhang.personal.podscraper.repositories.PodcastAppTest@6842c101, testMethod = testGetPodcastByName@PodcastAppTest, testException = java.lang.NullPointerException, mergedContextConfiguration = [WebMergedContextConfiguration@2accdbb5 testClass = PodcastAppTest, locations = '{}', classes = '{class org.szhang.personal.podscraper.Application}', contextInitializerClasses = '[]', activeProfiles = '{}', propertySourceLocations = '{}', propertySourceProperties = '{org.springframework.boot.test.context.SpringBootTestContextBootstrapper=true, server.port=0}', contextCustomizers = set[org.springframework.boot.test.context.filter.ExcludeFilterContextCustomizer@2890c451, org.springframework.boot.test.json.DuplicateJsonObjectContextCustomizerFactory$DuplicateJsonObjectContextCustomizer@3ec300f1, org.springframework.boot.test.mock.mockito.MockitoContextCustomizer@0, org.springframework.boot.test.web.client.TestRestTemplateContextCustomizer@17c1bced, org.springframework.boot.test.autoconfigure.properties.PropertyMappingContextCustomizer@0, org.springframework.boot.test.autoconfigure.web.servlet.WebDriverContextCustomizerFactory$Customizer@f2f2cc1], resourceBasePath = 'src/main/webapp', contextLoader = 'org.springframework.boot.test.context.SpringBootContextLoader', parent = [null]], attributes = map['org.springframework.test.context.web.ServletTestExecutionListener.activateListener' -> false]]
]]></system-out>
  </testcase>
  <testcase name="testGetPodcastsGivenWordsOr" classname="org.szhang.personal.podscraper.repositories.PodcastAppTest" time="0.464">
    <failure message="expected:&lt;3&gt; but was:&lt;2&gt;" type="java.lang.AssertionError"><![CDATA[java.lang.AssertionError: expected:<3> but was:<2>
	at org.szhang.personal.podscraper.repositories.PodcastAppTest.testGetPodcastsGivenWordsOr(PodcastAppTest.java:46)
]]></failure>
    <system-out><![CDATA[2019-03-06 11:05:31.329 DEBUG 40828 --- [           main] o.s.d.n.t.Neo4jTransactionManager        : Creating new transaction with name [org.szhang.personal.podscraper.repositories.PodcastAppTest.testGetPodcastsGivenWordsOr]: PROPAGATION_REQUIRED,ISOLATION_DEFAULT
2019-03-06 11:05:31.329 DEBUG 40828 --- [           main] o.s.d.n.t.Neo4jTransactionManager        : Opened new Session [org.neo4j.ogm.session.Neo4jSession@234cd86c] for Neo4j OGM transaction
2019-03-06 11:05:31.329 DEBUG 40828 --- [           main] o.n.ogm.drivers.bolt.driver.BoltDriver   : No current transaction, starting a new one
2019-03-06 11:05:31.331 DEBUG 40828 --- [           main] o.n.ogm.drivers.bolt.driver.BoltDriver   : Native transaction: org.neo4j.driver.internal.ExplicitTransaction@39c87b42
2019-03-06 11:05:31.331 DEBUG 40828 --- [           main] o.s.d.n.t.Neo4jTransactionManager        : Beginning Transaction [org.neo4j.ogm.drivers.bolt.transaction.BoltTransaction@47fcefb3] on Session [org.neo4j.ogm.session.Neo4jSession@234cd86c]
2019-03-06 11:05:31.331  INFO 40828 --- [           main] o.s.t.c.transaction.TransactionContext   : Began transaction (1) for test context [DefaultTestContext@1e6454ec testClass = PodcastAppTest, testInstance = org.szhang.personal.podscraper.repositories.PodcastAppTest@236c098, testMethod = testGetPodcastsGivenWordsOr@PodcastAppTest, testException = [null], mergedContextConfiguration = [WebMergedContextConfiguration@2accdbb5 testClass = PodcastAppTest, locations = '{}', classes = '{class org.szhang.personal.podscraper.Application}', contextInitializerClasses = '[]', activeProfiles = '{}', propertySourceLocations = '{}', propertySourceProperties = '{org.springframework.boot.test.context.SpringBootTestContextBootstrapper=true, server.port=0}', contextCustomizers = set[org.springframework.boot.test.context.filter.ExcludeFilterContextCustomizer@2890c451, org.springframework.boot.test.json.DuplicateJsonObjectContextCustomizerFactory$DuplicateJsonObjectContextCustomizer@3ec300f1, org.springframework.boot.test.mock.mockito.MockitoContextCustomizer@0, org.springframework.boot.test.web.client.TestRestTemplateContextCustomizer@17c1bced, org.springframework.boot.test.autoconfigure.properties.PropertyMappingContextCustomizer@0, org.springframework.boot.test.autoconfigure.web.servlet.WebDriverContextCustomizerFactory$Customizer@f2f2cc1], resourceBasePath = 'src/main/webapp', contextLoader = 'org.springframework.boot.test.context.SpringBootContextLoader', parent = [null]], attributes = map['org.springframework.test.context.web.ServletTestExecutionListener.activateListener' -> false]]; transaction manager [org.springframework.data.neo4j.transaction.Neo4jTransactionManager@4f7be6c8]; rollback [true]
2019-03-06 11:05:31.334 DEBUG 40828 --- [           main] o.s.d.n.r.query.GraphRepositoryQuery     : Executing query for method getPodcastsGivenWordsOr
2019-03-06 11:05:31.334 DEBUG 40828 --- [           main] o.n.o.drivers.bolt.request.BoltRequest   : Request: MATCH pod=(p:Podcast)-[:TAGGED_AS]->(k:Keyword) WHERE k.word in {keywords} RETURN ID(p), pod with params {0=[startup, money], keywords=[startup, money]}
2019-03-06 11:05:31.487 DEBUG 40828 --- [           main] org.neo4j.ogm.metadata.MetaData          : looking for concrete class to resolve label: Entity
2019-03-06 11:05:31.487 DEBUG 40828 --- [           main] org.neo4j.ogm.metadata.MetaData          : label is on an abstract class. Looking for a single concrete subclass...
2019-03-06 11:05:31.487 DEBUG 40828 --- [           main] org.neo4j.ogm.metadata.MetaData          : More than one class subclasses org.neo4j.ogm.metadata.ClassInfo@78b03788
2019-03-06 11:05:31.488 DEBUG 40828 --- [           main] org.neo4j.ogm.metadata.MetaData          : no implementing class or concrete subclass found!
2019-03-06 11:05:31.488 DEBUG 40828 --- [           main] org.neo4j.ogm.metadata.MetaData          : looking for concrete class to resolve label: Podcast
2019-03-06 11:05:31.488 DEBUG 40828 --- [           main] org.neo4j.ogm.metadata.MetaData          : concrete class found: org.neo4j.ogm.metadata.ClassInfo@3f5dfe69. comparing with what's already been found previously...
2019-03-06 11:05:31.488 DEBUG 40828 --- [           main] org.neo4j.ogm.metadata.MetaData          : Podcast resolving class: org.neo4j.ogm.metadata.ClassInfo@3f5dfe69
2019-03-06 11:05:31.491 DEBUG 40828 --- [           main] org.neo4j.ogm.metadata.MetaData          : looking for concrete class to resolve label: Entity
2019-03-06 11:05:31.491 DEBUG 40828 --- [           main] org.neo4j.ogm.metadata.MetaData          : label is on an abstract class. Looking for a single concrete subclass...
2019-03-06 11:05:31.492 DEBUG 40828 --- [           main] org.neo4j.ogm.metadata.MetaData          : More than one class subclasses org.neo4j.ogm.metadata.ClassInfo@78b03788
2019-03-06 11:05:31.492 DEBUG 40828 --- [           main] org.neo4j.ogm.metadata.MetaData          : no implementing class or concrete subclass found!
2019-03-06 11:05:31.492 DEBUG 40828 --- [           main] org.neo4j.ogm.metadata.MetaData          : looking for concrete class to resolve label: Keyword
2019-03-06 11:05:31.492 DEBUG 40828 --- [           main] org.neo4j.ogm.metadata.MetaData          : concrete class found: org.neo4j.ogm.metadata.ClassInfo@77083e41. comparing with what's already been found previously...
2019-03-06 11:05:31.492 DEBUG 40828 --- [           main] org.neo4j.ogm.metadata.MetaData          : Keyword resolving class: org.neo4j.ogm.metadata.ClassInfo@77083e41
2019-03-06 11:05:31.492 DEBUG 40828 --- [           main] org.neo4j.ogm.context.GraphEntityMapper  : Unable to find a matching @RelationshipEntity for (17618)-[TAGGED_AS]->(14065)
2019-03-06 11:05:31.498 DEBUG 40828 --- [           main] org.neo4j.ogm.metadata.MetaData          : looking for concrete class to resolve label: Entity
2019-03-06 11:05:31.498 DEBUG 40828 --- [           main] org.neo4j.ogm.metadata.MetaData          : label is on an abstract class. Looking for a single concrete subclass...
2019-03-06 11:05:31.498 DEBUG 40828 --- [           main] org.neo4j.ogm.metadata.MetaData          : More than one class subclasses org.neo4j.ogm.metadata.ClassInfo@78b03788
2019-03-06 11:05:31.498 DEBUG 40828 --- [           main] org.neo4j.ogm.metadata.MetaData          : no implementing class or concrete subclass found!
2019-03-06 11:05:31.498 DEBUG 40828 --- [           main] org.neo4j.ogm.metadata.MetaData          : looking for concrete class to resolve label: Podcast
2019-03-06 11:05:31.498 DEBUG 40828 --- [           main] org.neo4j.ogm.metadata.MetaData          : concrete class found: org.neo4j.ogm.metadata.ClassInfo@3f5dfe69. comparing with what's already been found previously...
2019-03-06 11:05:31.498 DEBUG 40828 --- [           main] org.neo4j.ogm.metadata.MetaData          : Podcast resolving class: org.neo4j.ogm.metadata.ClassInfo@3f5dfe69
2019-03-06 11:05:31.499 DEBUG 40828 --- [           main] org.neo4j.ogm.metadata.MetaData          : looking for concrete class to resolve label: Entity
2019-03-06 11:05:31.499 DEBUG 40828 --- [           main] org.neo4j.ogm.metadata.MetaData          : label is on an abstract class. Looking for a single concrete subclass...
2019-03-06 11:05:31.499 DEBUG 40828 --- [           main] org.neo4j.ogm.metadata.MetaData          : More than one class subclasses org.neo4j.ogm.metadata.ClassInfo@78b03788
2019-03-06 11:05:31.499 DEBUG 40828 --- [           main] org.neo4j.ogm.metadata.MetaData          : no implementing class or concrete subclass found!
2019-03-06 11:05:31.499 DEBUG 40828 --- [           main] org.neo4j.ogm.metadata.MetaData          : looking for concrete class to resolve label: Keyword
2019-03-06 11:05:31.499 DEBUG 40828 --- [           main] org.neo4j.ogm.metadata.MetaData          : concrete class found: org.neo4j.ogm.metadata.ClassInfo@77083e41. comparing with what's already been found previously...
2019-03-06 11:05:31.499 DEBUG 40828 --- [           main] org.neo4j.ogm.metadata.MetaData          : Keyword resolving class: org.neo4j.ogm.metadata.ClassInfo@77083e41
2019-03-06 11:05:31.499 DEBUG 40828 --- [           main] org.neo4j.ogm.context.GraphEntityMapper  : Unable to find a matching @RelationshipEntity for (17747)-[TAGGED_AS]->(15233)
2019-03-06 11:05:31.503 DEBUG 40828 --- [           main] o.s.d.n.t.Neo4jTransactionManager        : Initiating transaction rollback
2019-03-06 11:05:31.503 DEBUG 40828 --- [           main] o.s.d.n.t.Neo4jTransactionManager        : Rolling back Neo4j transaction [org.neo4j.ogm.drivers.bolt.transaction.BoltTransaction@47fcefb3] on Session [org.neo4j.ogm.session.Neo4jSession@234cd86c]
2019-03-06 11:05:31.503 DEBUG 40828 --- [           main] o.n.o.d.b.transaction.BoltTransaction    : Rolling back native transaction: org.neo4j.driver.internal.ExplicitTransaction@39c87b42
2019-03-06 11:05:31.787 DEBUG 40828 --- [           main] org.neo4j.ogm.transaction.Transaction    : Thread 1: Rollback transaction extent: 0
2019-03-06 11:05:31.788 DEBUG 40828 --- [           main] org.neo4j.ogm.transaction.Transaction    : Thread 1: Rolled back
2019-03-06 11:05:31.788 DEBUG 40828 --- [           main] org.neo4j.ogm.transaction.Transaction    : Thread 1: Close transaction extent: 0
2019-03-06 11:05:31.788 DEBUG 40828 --- [           main] org.neo4j.ogm.transaction.Transaction    : Thread 1: Closing transaction
2019-03-06 11:05:31.788 DEBUG 40828 --- [           main] o.s.d.n.t.Neo4jTransactionManager        : Closing Neo4j Session [org.neo4j.ogm.session.Neo4jSession@234cd86c] after transaction
2019-03-06 11:05:31.789  INFO 40828 --- [           main] o.s.t.c.transaction.TransactionContext   : Rolled back transaction for test: [DefaultTestContext@1e6454ec testClass = PodcastAppTest, testInstance = org.szhang.personal.podscraper.repositories.PodcastAppTest@236c098, testMethod = testGetPodcastsGivenWordsOr@PodcastAppTest, testException = java.lang.AssertionError: expected:<3> but was:<2>, mergedContextConfiguration = [WebMergedContextConfiguration@2accdbb5 testClass = PodcastAppTest, locations = '{}', classes = '{class org.szhang.personal.podscraper.Application}', contextInitializerClasses = '[]', activeProfiles = '{}', propertySourceLocations = '{}', propertySourceProperties = '{org.springframework.boot.test.context.SpringBootTestContextBootstrapper=true, server.port=0}', contextCustomizers = set[org.springframework.boot.test.context.filter.ExcludeFilterContextCustomizer@2890c451, org.springframework.boot.test.json.DuplicateJsonObjectContextCustomizerFactory$DuplicateJsonObjectContextCustomizer@3ec300f1, org.springframework.boot.test.mock.mockito.MockitoContextCustomizer@0, org.springframework.boot.test.web.client.TestRestTemplateContextCustomizer@17c1bced, org.springframework.boot.test.autoconfigure.properties.PropertyMappingContextCustomizer@0, org.springframework.boot.test.autoconfigure.web.servlet.WebDriverContextCustomizerFactory$Customizer@f2f2cc1], resourceBasePath = 'src/main/webapp', contextLoader = 'org.springframework.boot.test.context.SpringBootContextLoader', parent = [null]], attributes = map['org.springframework.test.context.web.ServletTestExecutionListener.activateListener' -> false]]
]]></system-out>
  </testcase>
  <testcase name="testGetPodcastsGivenWordsAnd" classname="org.szhang.personal.podscraper.repositories.PodcastAppTest" time="0.453">
    <failure message="expected:&lt;6&gt; but was:&lt;7&gt;" type="java.lang.AssertionError"><![CDATA[java.lang.AssertionError: expected:<6> but was:<7>
	at org.szhang.personal.podscraper.repositories.PodcastAppTest.testGetPodcastsGivenWordsAnd(PodcastAppTest.java:56)
]]></failure>
    <system-out><![CDATA[2019-03-06 11:05:31.790 DEBUG 40828 --- [           main] o.s.d.n.t.Neo4jTransactionManager        : Creating new transaction with name [org.szhang.personal.podscraper.repositories.PodcastAppTest.testGetPodcastsGivenWordsAnd]: PROPAGATION_REQUIRED,ISOLATION_DEFAULT
2019-03-06 11:05:31.791 DEBUG 40828 --- [           main] o.s.d.n.t.Neo4jTransactionManager        : Opened new Session [org.neo4j.ogm.session.Neo4jSession@57cabdc3] for Neo4j OGM transaction
2019-03-06 11:05:31.791 DEBUG 40828 --- [           main] o.n.ogm.drivers.bolt.driver.BoltDriver   : No current transaction, starting a new one
2019-03-06 11:05:31.792 DEBUG 40828 --- [           main] o.n.ogm.drivers.bolt.driver.BoltDriver   : Native transaction: org.neo4j.driver.internal.ExplicitTransaction@129c4d19
2019-03-06 11:05:31.792 DEBUG 40828 --- [           main] o.s.d.n.t.Neo4jTransactionManager        : Beginning Transaction [org.neo4j.ogm.drivers.bolt.transaction.BoltTransaction@11810917] on Session [org.neo4j.ogm.session.Neo4jSession@57cabdc3]
2019-03-06 11:05:31.793  INFO 40828 --- [           main] o.s.t.c.transaction.TransactionContext   : Began transaction (1) for test context [DefaultTestContext@1e6454ec testClass = PodcastAppTest, testInstance = org.szhang.personal.podscraper.repositories.PodcastAppTest@13278a41, testMethod = testGetPodcastsGivenWordsAnd@PodcastAppTest, testException = [null], mergedContextConfiguration = [WebMergedContextConfiguration@2accdbb5 testClass = PodcastAppTest, locations = '{}', classes = '{class org.szhang.personal.podscraper.Application}', contextInitializerClasses = '[]', activeProfiles = '{}', propertySourceLocations = '{}', propertySourceProperties = '{org.springframework.boot.test.context.SpringBootTestContextBootstrapper=true, server.port=0}', contextCustomizers = set[org.springframework.boot.test.context.filter.ExcludeFilterContextCustomizer@2890c451, org.springframework.boot.test.json.DuplicateJsonObjectContextCustomizerFactory$DuplicateJsonObjectContextCustomizer@3ec300f1, org.springframework.boot.test.mock.mockito.MockitoContextCustomizer@0, org.springframework.boot.test.web.client.TestRestTemplateContextCustomizer@17c1bced, org.springframework.boot.test.autoconfigure.properties.PropertyMappingContextCustomizer@0, org.springframework.boot.test.autoconfigure.web.servlet.WebDriverContextCustomizerFactory$Customizer@f2f2cc1], resourceBasePath = 'src/main/webapp', contextLoader = 'org.springframework.boot.test.context.SpringBootContextLoader', parent = [null]], attributes = map['org.springframework.test.context.web.ServletTestExecutionListener.activateListener' -> false]]; transaction manager [org.springframework.data.neo4j.transaction.Neo4jTransactionManager@4f7be6c8]; rollback [true]
2019-03-06 11:05:31.795 DEBUG 40828 --- [           main] o.s.d.n.r.query.GraphRepositoryQuery     : Executing query for method getPodcastsGivenWordsAnd
2019-03-06 11:05:31.795 DEBUG 40828 --- [           main] o.n.o.drivers.bolt.request.BoltRequest   : Request: WITH {keywords} as words MATCH (k:Keyword) WHERE k.word in words WITH collect(k) as keywords WITH head(keywords) as head, tail(keywords) as keywords MATCH (head)<-[:TAGGED_AS]-(p:Podcast) WHERE ALL(k in keywords WHERE (k)<-[:TAGGED_AS]-(p)) RETURN ID(p), p with params {0=[tech], keywords=[tech]}
2019-03-06 11:05:31.940 DEBUG 40828 --- [           main] org.neo4j.ogm.metadata.MetaData          : looking for concrete class to resolve label: Entity
2019-03-06 11:05:31.940 DEBUG 40828 --- [           main] org.neo4j.ogm.metadata.MetaData          : label is on an abstract class. Looking for a single concrete subclass...
2019-03-06 11:05:31.940 DEBUG 40828 --- [           main] org.neo4j.ogm.metadata.MetaData          : More than one class subclasses org.neo4j.ogm.metadata.ClassInfo@78b03788
2019-03-06 11:05:31.940 DEBUG 40828 --- [           main] org.neo4j.ogm.metadata.MetaData          : no implementing class or concrete subclass found!
2019-03-06 11:05:31.940 DEBUG 40828 --- [           main] org.neo4j.ogm.metadata.MetaData          : looking for concrete class to resolve label: Podcast
2019-03-06 11:05:31.940 DEBUG 40828 --- [           main] org.neo4j.ogm.metadata.MetaData          : concrete class found: org.neo4j.ogm.metadata.ClassInfo@3f5dfe69. comparing with what's already been found previously...
2019-03-06 11:05:31.940 DEBUG 40828 --- [           main] org.neo4j.ogm.metadata.MetaData          : Podcast resolving class: org.neo4j.ogm.metadata.ClassInfo@3f5dfe69
2019-03-06 11:05:31.941 DEBUG 40828 --- [           main] org.neo4j.ogm.metadata.MetaData          : looking for concrete class to resolve label: Entity
2019-03-06 11:05:31.942 DEBUG 40828 --- [           main] org.neo4j.ogm.metadata.MetaData          : label is on an abstract class. Looking for a single concrete subclass...
2019-03-06 11:05:31.942 DEBUG 40828 --- [           main] org.neo4j.ogm.metadata.MetaData          : More than one class subclasses org.neo4j.ogm.metadata.ClassInfo@78b03788
2019-03-06 11:05:31.942 DEBUG 40828 --- [           main] org.neo4j.ogm.metadata.MetaData          : no implementing class or concrete subclass found!
2019-03-06 11:05:31.942 DEBUG 40828 --- [           main] org.neo4j.ogm.metadata.MetaData          : looking for concrete class to resolve label: Podcast
2019-03-06 11:05:31.942 DEBUG 40828 --- [           main] org.neo4j.ogm.metadata.MetaData          : concrete class found: org.neo4j.ogm.metadata.ClassInfo@3f5dfe69. comparing with what's already been found previously...
2019-03-06 11:05:31.942 DEBUG 40828 --- [           main] org.neo4j.ogm.metadata.MetaData          : Podcast resolving class: org.neo4j.ogm.metadata.ClassInfo@3f5dfe69
2019-03-06 11:05:31.943 DEBUG 40828 --- [           main] org.neo4j.ogm.metadata.MetaData          : looking for concrete class to resolve label: Entity
2019-03-06 11:05:31.943 DEBUG 40828 --- [           main] org.neo4j.ogm.metadata.MetaData          : label is on an abstract class. Looking for a single concrete subclass...
2019-03-06 11:05:31.943 DEBUG 40828 --- [           main] org.neo4j.ogm.metadata.MetaData          : More than one class subclasses org.neo4j.ogm.metadata.ClassInfo@78b03788
2019-03-06 11:05:31.943 DEBUG 40828 --- [           main] org.neo4j.ogm.metadata.MetaData          : no implementing class or concrete subclass found!
2019-03-06 11:05:31.943 DEBUG 40828 --- [           main] org.neo4j.ogm.metadata.MetaData          : looking for concrete class to resolve label: Podcast
2019-03-06 11:05:31.943 DEBUG 40828 --- [           main] org.neo4j.ogm.metadata.MetaData          : concrete class found: org.neo4j.ogm.metadata.ClassInfo@3f5dfe69. comparing with what's already been found previously...
2019-03-06 11:05:31.943 DEBUG 40828 --- [           main] org.neo4j.ogm.metadata.MetaData          : Podcast resolving class: org.neo4j.ogm.metadata.ClassInfo@3f5dfe69
2019-03-06 11:05:31.943 DEBUG 40828 --- [           main] org.neo4j.ogm.metadata.MetaData          : looking for concrete class to resolve label: Entity
2019-03-06 11:05:31.943 DEBUG 40828 --- [           main] org.neo4j.ogm.metadata.MetaData          : label is on an abstract class. Looking for a single concrete subclass...
2019-03-06 11:05:31.943 DEBUG 40828 --- [           main] org.neo4j.ogm.metadata.MetaData          : More than one class subclasses org.neo4j.ogm.metadata.ClassInfo@78b03788
2019-03-06 11:05:31.943 DEBUG 40828 --- [           main] org.neo4j.ogm.metadata.MetaData          : no implementing class or concrete subclass found!
2019-03-06 11:05:31.943 DEBUG 40828 --- [           main] org.neo4j.ogm.metadata.MetaData          : looking for concrete class to resolve label: Podcast
2019-03-06 11:05:31.943 DEBUG 40828 --- [           main] org.neo4j.ogm.metadata.MetaData          : concrete class found: org.neo4j.ogm.metadata.ClassInfo@3f5dfe69. comparing with what's already been found previously...
2019-03-06 11:05:31.944 DEBUG 40828 --- [           main] org.neo4j.ogm.metadata.MetaData          : Podcast resolving class: org.neo4j.ogm.metadata.ClassInfo@3f5dfe69
2019-03-06 11:05:31.944 DEBUG 40828 --- [           main] org.neo4j.ogm.metadata.MetaData          : looking for concrete class to resolve label: Entity
2019-03-06 11:05:31.944 DEBUG 40828 --- [           main] org.neo4j.ogm.metadata.MetaData          : label is on an abstract class. Looking for a single concrete subclass...
2019-03-06 11:05:31.944 DEBUG 40828 --- [           main] org.neo4j.ogm.metadata.MetaData          : More than one class subclasses org.neo4j.ogm.metadata.ClassInfo@78b03788
2019-03-06 11:05:31.944 DEBUG 40828 --- [           main] org.neo4j.ogm.metadata.MetaData          : no implementing class or concrete subclass found!
2019-03-06 11:05:31.944 DEBUG 40828 --- [           main] org.neo4j.ogm.metadata.MetaData          : looking for concrete class to resolve label: Podcast
2019-03-06 11:05:31.944 DEBUG 40828 --- [           main] org.neo4j.ogm.metadata.MetaData          : concrete class found: org.neo4j.ogm.metadata.ClassInfo@3f5dfe69. comparing with what's already been found previously...
2019-03-06 11:05:31.944 DEBUG 40828 --- [           main] org.neo4j.ogm.metadata.MetaData          : Podcast resolving class: org.neo4j.ogm.metadata.ClassInfo@3f5dfe69
2019-03-06 11:05:31.944 DEBUG 40828 --- [           main] org.neo4j.ogm.metadata.MetaData          : looking for concrete class to resolve label: Entity
2019-03-06 11:05:31.945 DEBUG 40828 --- [           main] org.neo4j.ogm.metadata.MetaData          : label is on an abstract class. Looking for a single concrete subclass...
2019-03-06 11:05:31.945 DEBUG 40828 --- [           main] org.neo4j.ogm.metadata.MetaData          : More than one class subclasses org.neo4j.ogm.metadata.ClassInfo@78b03788
2019-03-06 11:05:31.945 DEBUG 40828 --- [           main] org.neo4j.ogm.metadata.MetaData          : no implementing class or concrete subclass found!
2019-03-06 11:05:31.945 DEBUG 40828 --- [           main] org.neo4j.ogm.metadata.MetaData          : looking for concrete class to resolve label: Podcast
2019-03-06 11:05:31.945 DEBUG 40828 --- [           main] org.neo4j.ogm.metadata.MetaData          : concrete class found: org.neo4j.ogm.metadata.ClassInfo@3f5dfe69. comparing with what's already been found previously...
2019-03-06 11:05:31.945 DEBUG 40828 --- [           main] org.neo4j.ogm.metadata.MetaData          : Podcast resolving class: org.neo4j.ogm.metadata.ClassInfo@3f5dfe69
2019-03-06 11:05:31.946 DEBUG 40828 --- [           main] org.neo4j.ogm.metadata.MetaData          : looking for concrete class to resolve label: Entity
2019-03-06 11:05:31.946 DEBUG 40828 --- [           main] org.neo4j.ogm.metadata.MetaData          : label is on an abstract class. Looking for a single concrete subclass...
2019-03-06 11:05:31.946 DEBUG 40828 --- [           main] org.neo4j.ogm.metadata.MetaData          : More than one class subclasses org.neo4j.ogm.metadata.ClassInfo@78b03788
2019-03-06 11:05:31.946 DEBUG 40828 --- [           main] org.neo4j.ogm.metadata.MetaData          : no implementing class or concrete subclass found!
2019-03-06 11:05:31.946 DEBUG 40828 --- [           main] org.neo4j.ogm.metadata.MetaData          : looking for concrete class to resolve label: Podcast
2019-03-06 11:05:31.946 DEBUG 40828 --- [           main] org.neo4j.ogm.metadata.MetaData          : concrete class found: org.neo4j.ogm.metadata.ClassInfo@3f5dfe69. comparing with what's already been found previously...
2019-03-06 11:05:31.946 DEBUG 40828 --- [           main] org.neo4j.ogm.metadata.MetaData          : Podcast resolving class: org.neo4j.ogm.metadata.ClassInfo@3f5dfe69
2019-03-06 11:05:31.950 DEBUG 40828 --- [           main] o.s.d.n.t.Neo4jTransactionManager        : Initiating transaction rollback
2019-03-06 11:05:31.952 DEBUG 40828 --- [           main] o.s.d.n.t.Neo4jTransactionManager        : Rolling back Neo4j transaction [org.neo4j.ogm.drivers.bolt.transaction.BoltTransaction@11810917] on Session [org.neo4j.ogm.session.Neo4jSession@57cabdc3]
2019-03-06 11:05:31.952 DEBUG 40828 --- [           main] o.n.o.d.b.transaction.BoltTransaction    : Rolling back native transaction: org.neo4j.driver.internal.ExplicitTransaction@129c4d19
2019-03-06 11:05:32.231 DEBUG 40828 --- [           main] org.neo4j.ogm.transaction.Transaction    : Thread 1: Rollback transaction extent: 0
2019-03-06 11:05:32.231 DEBUG 40828 --- [           main] org.neo4j.ogm.transaction.Transaction    : Thread 1: Rolled back
2019-03-06 11:05:32.232 DEBUG 40828 --- [           main] org.neo4j.ogm.transaction.Transaction    : Thread 1: Close transaction extent: 0
2019-03-06 11:05:32.232 DEBUG 40828 --- [           main] org.neo4j.ogm.transaction.Transaction    : Thread 1: Closing transaction
2019-03-06 11:05:32.232 DEBUG 40828 --- [           main] o.s.d.n.t.Neo4jTransactionManager        : Closing Neo4j Session [org.neo4j.ogm.session.Neo4jSession@57cabdc3] after transaction
2019-03-06 11:05:32.233  INFO 40828 --- [           main] o.s.t.c.transaction.TransactionContext   : Rolled back transaction for test: [DefaultTestContext@1e6454ec testClass = PodcastAppTest, testInstance = org.szhang.personal.podscraper.repositories.PodcastAppTest@13278a41, testMethod = testGetPodcastsGivenWordsAnd@PodcastAppTest, testException = java.lang.AssertionError: expected:<6> but was:<7>, mergedContextConfiguration = [WebMergedContextConfiguration@2accdbb5 testClass = PodcastAppTest, locations = '{}', classes = '{class org.szhang.personal.podscraper.Application}', contextInitializerClasses = '[]', activeProfiles = '{}', propertySourceLocations = '{}', propertySourceProperties = '{org.springframework.boot.test.context.SpringBootTestContextBootstrapper=true, server.port=0}', contextCustomizers = set[org.springframework.boot.test.context.filter.ExcludeFilterContextCustomizer@2890c451, org.springframework.boot.test.json.DuplicateJsonObjectContextCustomizerFactory$DuplicateJsonObjectContextCustomizer@3ec300f1, org.springframework.boot.test.mock.mockito.MockitoContextCustomizer@0, org.springframework.boot.test.web.client.TestRestTemplateContextCustomizer@17c1bced, org.springframework.boot.test.autoconfigure.properties.PropertyMappingContextCustomizer@0, org.springframework.boot.test.autoconfigure.web.servlet.WebDriverContextCustomizerFactory$Customizer@f2f2cc1], resourceBasePath = 'src/main/webapp', contextLoader = 'org.springframework.boot.test.context.SpringBootContextLoader', parent = [null]], attributes = map['org.springframework.test.context.web.ServletTestExecutionListener.activateListener' -> false]]
]]></system-out>
  </testcase>
</testsuite>